# JRE version: OpenJDK Runtime Environment (8.0_202-b03) (build 1.8.0_202-release-1483-b03)
# Java VM: OpenJDK 64-Bit Server VM (25.202-b03 mixed mode windows-amd64 compressed oops)
Heap:
 PSYoungGen      total 137216K, used 691K [0x00000000e0000000, 0x00000000eb380000, 0x0000000100000000)
  eden space 125440K, 0% used [0x00000000e0000000,0x00000000e00ace80,0x00000000e7a80000)
  from space 11776K, 0% used [0x00000000e7a80000,0x00000000e7a80000,0x00000000e8600000)
  to   space 10752K, 0% used [0x00000000e8600000,0x00000000e8600000,0x00000000e9080000)
 ParOldGen       total 38400K, used 14924K [0x00000000a0000000, 0x00000000a2580000, 0x00000000e0000000)
  object space 38400K, 38% used [0x00000000a0000000,0x00000000a0e93378,0x00000000a2580000)
 Metaspace       used 34979K, capacity 35866K, committed 36224K, reserved 1081344K
  class space    used 4724K, capacity 4930K, committed 4992K, reserved 1048576K
GC Heap History (10 events):
Event: 4.612 GC heap before
{Heap before GC invocations=9 (full 1):
 PSYoungGen      total 69632K, used 62464K [0x00000000e0000000, 0x00000000e8c00000, 0x0000000100000000)
  eden space 62464K, 100% used [0x00000000e0000000,0x00000000e3d00000,0x00000000e3d00000)
  from space 7168K, 0% used [0x00000000e3d00000,0x00000000e3d00000,0x00000000e4400000)
  to   space 9216K, 0% used [0x00000000e8300000,0x00000000e8300000,0x00000000e8c00000)
 ParOldGen       total 38400K, used 12524K [0x00000000a0000000, 0x00000000a2580000, 0x00000000e0000000)
  object space 38400K, 32% used [0x00000000a0000000,0x00000000a0c3b2f8,0x00000000a2580000)
 Metaspace       used 26602K, capacity 26994K, committed 27264K, reserved 1073152K
  class space    used 3712K, capacity 3868K, committed 3968K, reserved 1048576K
Event: 4.620 GC heap after
Heap after GC invocations=9 (full 1):
 PSYoungGen      total 103424K, used 6204K [0x00000000e0000000, 0x00000000e8980000, 0x0000000100000000)
  eden space 96768K, 0% used [0x00000000e0000000,0x00000000e0000000,0x00000000e5e80000)
  from space 6656K, 93% used [0x00000000e8300000,0x00000000e890f118,0x00000000e8980000)
  to   space 9216K, 0% used [0x00000000e7780000,0x00000000e7780000,0x00000000e8080000)
 ParOldGen       total 38400K, used 12532K [0x00000000a0000000, 0x00000000a2580000, 0x00000000e0000000)
  object space 38400K, 32% used [0x00000000a0000000,0x00000000a0c3d2f8,0x00000000a2580000)
 Metaspace       used 26602K, capacity 26994K, committed 27264K, reserved 1073152K
  class space    used 3712K, capacity 3868K, committed 3968K, reserved 1048576K
}
Event: 7.428 GC heap before
{Heap before GC invocations=10 (full 1):
 PSYoungGen      total 103424K, used 102972K [0x00000000e0000000, 0x00000000e8980000, 0x0000000100000000)
  eden space 96768K, 100% used [0x00000000e0000000,0x00000000e5e80000,0x00000000e5e80000)
  from space 6656K, 93% used [0x00000000e8300000,0x00000000e890f118,0x00000000e8980000)
  to   space 9216K, 0% used [0x00000000e7780000,0x00000000e7780000,0x00000000e8080000)
 ParOldGen       total 38400K, used 12532K [0x00000000a0000000, 0x00000000a2580000, 0x00000000e0000000)
  object space 38400K, 32% used [0x00000000a0000000,0x00000000a0c3d2f8,0x00000000a2580000)
 Metaspace       used 30681K, capacity 31250K, committed 31360K, reserved 1077248K
  class space    used 4177K, capacity 4400K, committed 4480K, reserved 1048576K
Event: 7.447 GC heap after
Heap after GC invocations=10 (full 1):
 PSYoungGen      total 131584K, used 9213K [0x00000000e0000000, 0x00000000e9080000, 0x0000000100000000)
  eden space 122368K, 0% used [0x00000000e0000000,0x00000000e0000000,0x00000000e7780000)
  from space 9216K, 99% used [0x00000000e7780000,0x00000000e807f610,0x00000000e8080000)
  to   space 10752K, 0% used [0x00000000e8600000,0x00000000e8600000,0x00000000e9080000)
 ParOldGen       total 38400K, used 13639K [0x00000000a0000000, 0x00000000a2580000, 0x00000000e0000000)
  object space 38400K, 35% used [0x00000000a0000000,0x00000000a0d51e20,0x00000000a2580000)
 Metaspace       used 30681K, capacity 31250K, committed 31360K, reserved 1077248K
  class space    used 4177K, capacity 4400K, committed 4480K, reserved 1048576K
}
Event: 9.082 GC heap before
{Heap before GC invocations=11 (full 1):
 PSYoungGen      total 131584K, used 131581K [0x00000000e0000000, 0x00000000e9080000, 0x0000000100000000)
  eden space 122368K, 100% used [0x00000000e0000000,0x00000000e7780000,0x00000000e7780000)
  from space 9216K, 99% used [0x00000000e7780000,0x00000000e807f610,0x00000000e8080000)
  to   space 10752K, 0% used [0x00000000e8600000,0x00000000e8600000,0x00000000e9080000)
 ParOldGen       total 38400K, used 13639K [0x00000000a0000000, 0x00000000a2580000, 0x00000000e0000000)
  object space 38400K, 35% used [0x00000000a0000000,0x00000000a0d51e20,0x00000000a2580000)
 Metaspace       used 34300K, capacity 35090K, committed 35328K, reserved 1079296K
  class space    used 4666K, capacity 4862K, committed 4864K, reserved 1048576K
Event: 9.111 GC heap after
Heap after GC invocations=11 (full 1):
 PSYoungGen      total 136192K, used 8374K [0x00000000e0000000, 0x00000000eb380000, 0x0000000100000000)
  eden space 125440K, 0% used [0x00000000e0000000,0x00000000e0000000,0x00000000e7a80000)
  from space 10752K, 77% used [0x00000000e8600000,0x00000000e8e2dab8,0x00000000e9080000)
  to   space 11776K, 0% used [0x00000000e7a80000,0x00000000e7a80000,0x00000000e8600000)
 ParOldGen       total 38400K, used 16088K [0x00000000a0000000, 0x00000000a2580000, 0x00000000e0000000)
  object space 38400K, 41% used [0x00000000a0000000,0x00000000a0fb60e0,0x00000000a2580000)
 Metaspace       used 34300K, capacity 35090K, committed 35328K, reserved 1079296K
  class space    used 4666K, capacity 4862K, committed 4864K, reserved 1048576K
}
Event: 9.189 GC heap before
{Heap before GC invocations=12 (full 1):
 PSYoungGen      total 136192K, used 13652K [0x00000000e0000000, 0x00000000eb380000, 0x0000000100000000)
  eden space 125440K, 4% used [0x00000000e0000000,0x00000000e05277c8,0x00000000e7a80000)
  from space 10752K, 77% used [0x00000000e8600000,0x00000000e8e2dab8,0x00000000e9080000)
  to   space 11776K, 0% used [0x00000000e7a80000,0x00000000e7a80000,0x00000000e8600000)
 ParOldGen       total 38400K, used 16088K [0x00000000a0000000, 0x00000000a2580000, 0x00000000e0000000)
  object space 38400K, 41% used [0x00000000a0000000,0x00000000a0fb60e0,0x00000000a2580000)
 Metaspace       used 34519K, capacity 35330K, committed 35456K, reserved 1079296K
  class space    used 4701K, capacity 4898K, committed 4992K, reserved 1048576K
Event: 9.207 GC heap after
Heap after GC invocations=12 (full 1):
 PSYoungGen      total 137216K, used 3365K [0x00000000e0000000, 0x00000000eb380000, 0x0000000100000000)
  eden space 125440K, 0% used [0x00000000e0000000,0x00000000e0000000,0x00000000e7a80000)
  from space 11776K, 28% used [0x00000000e7a80000,0x00000000e7dc9538,0x00000000e8600000)
  to   space 10752K, 0% used [0x00000000e8600000,0x00000000e8600000,0x00000000e9080000)
 ParOldGen       total 38400K, used 18600K [0x00000000a0000000, 0x00000000a2580000, 0x00000000e0000000)
  object space 38400K, 48% used [0x00000000a0000000,0x00000000a122a2d0,0x00000000a2580000)
 Metaspace       used 34519K, capacity 35330K, committed 35456K, reserved 1079296K
  class space    used 4701K, capacity 4898K, committed 4992K, reserved 1048576K
}
Event: 9.207 GC heap before
{Heap before GC invocations=13 (full 2):
 PSYoungGen      total 137216K, used 3365K [0x00000000e0000000, 0x00000000eb380000, 0x0000000100000000)
  eden space 125440K, 0% used [0x00000000e0000000,0x00000000e0000000,0x00000000e7a80000)
  from space 11776K, 28% used [0x00000000e7a80000,0x00000000e7dc9538,0x00000000e8600000)
  to   space 10752K, 0% used [0x00000000e8600000,0x00000000e8600000,0x00000000e9080000)
 ParOldGen       total 38400K, used 18600K [0x00000000a0000000, 0x00000000a2580000, 0x00000000e0000000)
  object space 38400K, 48% used [0x00000000a0000000,0x00000000a122a2d0,0x00000000a2580000)
 Metaspace       used 34519K, capacity 35330K, committed 35456K, reserved 1079296K
  class space    used 4701K, capacity 4898K, committed 4992K, reserved 1048576K
Event: 9.321 GC heap after
Heap after GC invocations=13 (full 2):
 PSYoungGen      total 137216K, used 0K [0x00000000e0000000, 0x00000000eb380000, 0x0000000100000000)
  eden space 125440K, 0% used [0x00000000e0000000,0x00000000e0000000,0x00000000e7a80000)
  from space 11776K, 0% used [0x00000000e7a80000,0x00000000e7a80000,0x00000000e8600000)
  to   space 10752K, 0% used [0x00000000e8600000,0x00000000e8600000,0x00000000e9080000)
 ParOldGen       total 38400K, used 14924K [0x00000000a0000000, 0x00000000a2580000, 0x00000000e0000000)
  object space 38400K, 38% used [0x00000000a0000000,0x00000000a0e93378,0x00000000a2580000)
 Metaspace       used 34435K, capacity 35226K, committed 35456K, reserved 1079296K
  class space    used 4673K, capacity 4866K, committed 4992K, reserved 1048576K
}

