# JRE version: OpenJDK Runtime Environment (8.0_202-b03) (build 1.8.0_202-release-1483-b03)
# Java VM: OpenJDK 64-Bit Server VM (25.202-b03 mixed mode windows-amd64 compressed oops)
Heap:
 PSYoungGen      total 69632K, used 43186K [0x00000000e0000000, 0x00000000e8c00000, 0x0000000100000000)
  eden space 62464K, 69% used [0x00000000e0000000,0x00000000e2a2ca38,0x00000000e3d00000)
  from space 7168K, 0% used [0x00000000e3d00000,0x00000000e3d00000,0x00000000e4400000)
  to   space 9216K, 0% used [0x00000000e8300000,0x00000000e8300000,0x00000000e8c00000)
 ParOldGen       total 35840K, used 9773K [0x00000000a0000000, 0x00000000a2300000, 0x00000000e0000000)
  object space 35840K, 27% used [0x00000000a0000000,0x00000000a098b438,0x00000000a2300000)
 Metaspace       used 26734K, capacity 27254K, committed 27392K, reserved 1073152K
  class space    used 3572K, capacity 3780K, committed 3840K, reserved 1048576K
GC Heap History (10 events):
Event: 1.537 GC heap before
{Heap before GC invocations=4 (full 0):
 PSYoungGen      total 18432K, used 18416K [0x00000000e0000000, 0x00000000e2400000, 0x0000000100000000)
  eden space 15872K, 100% used [0x00000000e0000000,0x00000000e0f80000,0x00000000e0f80000)
  from space 2560K, 99% used [0x00000000e0f80000,0x00000000e11fc030,0x00000000e1200000)
  to   space 2560K, 0% used [0x00000000e2180000,0x00000000e2180000,0x00000000e2400000)
 ParOldGen       total 42496K, used 718K [0x00000000a0000000, 0x00000000a2980000, 0x00000000e0000000)
  object space 42496K, 1% used [0x00000000a0000000,0x00000000a00b3860,0x00000000a2980000)
 Metaspace       used 9080K, capacity 9342K, committed 9600K, reserved 1056768K
  class space    used 1209K, capacity 1325K, committed 1408K, reserved 1048576K
Event: 1.542 GC heap after
Heap after GC invocations=4 (full 0):
 PSYoungGen      total 34304K, used 2528K [0x00000000e0000000, 0x00000000e2400000, 0x0000000100000000)
  eden space 31744K, 0% used [0x00000000e0000000,0x00000000e0000000,0x00000000e1f00000)
  from space 2560K, 98% used [0x00000000e2180000,0x00000000e23f8020,0x00000000e2400000)
  to   space 2560K, 0% used [0x00000000e1f00000,0x00000000e1f00000,0x00000000e2180000)
 ParOldGen       total 42496K, used 2381K [0x00000000a0000000, 0x00000000a2980000, 0x00000000e0000000)
  object space 42496K, 5% used [0x00000000a0000000,0x00000000a0253488,0x00000000a2980000)
 Metaspace       used 9080K, capacity 9342K, committed 9600K, reserved 1056768K
  class space    used 1209K, capacity 1325K, committed 1408K, reserved 1048576K
}
Event: 2.766 GC heap before
{Heap before GC invocations=5 (full 0):
 PSYoungGen      total 34304K, used 34257K [0x00000000e0000000, 0x00000000e2400000, 0x0000000100000000)
  eden space 31744K, 99% used [0x00000000e0000000,0x00000000e1efc600,0x00000000e1f00000)
  from space 2560K, 98% used [0x00000000e2180000,0x00000000e23f8020,0x00000000e2400000)
  to   space 2560K, 0% used [0x00000000e1f00000,0x00000000e1f00000,0x00000000e2180000)
 ParOldGen       total 42496K, used 2381K [0x00000000a0000000, 0x00000000a2980000, 0x00000000e0000000)
  object space 42496K, 5% used [0x00000000a0000000,0x00000000a0253488,0x00000000a2980000)
 Metaspace       used 13483K, capacity 13786K, committed 14080K, reserved 1060864K
  class space    used 1879K, capacity 1997K, committed 2048K, reserved 1048576K
Event: 2.773 GC heap after
Heap after GC invocations=5 (full 0):
 PSYoungGen      total 34304K, used 2545K [0x00000000e0000000, 0x00000000e4a00000, 0x0000000100000000)
  eden space 31744K, 0% used [0x00000000e0000000,0x00000000e0000000,0x00000000e1f00000)
  from space 2560K, 99% used [0x00000000e1f00000,0x00000000e217c598,0x00000000e2180000)
  to   space 6144K, 0% used [0x00000000e4400000,0x00000000e4400000,0x00000000e4a00000)
 ParOldGen       total 42496K, used 6304K [0x00000000a0000000, 0x00000000a2980000, 0x00000000e0000000)
  object space 42496K, 14% used [0x00000000a0000000,0x00000000a0628198,0x00000000a2980000)
 Metaspace       used 13483K, capacity 13786K, committed 14080K, reserved 1060864K
  class space    used 1879K, capacity 1997K, committed 2048K, reserved 1048576K
}
Event: 3.323 GC heap before
{Heap before GC invocations=6 (full 0):
 PSYoungGen      total 34304K, used 34289K [0x00000000e0000000, 0x00000000e4a00000, 0x0000000100000000)
  eden space 31744K, 100% used [0x00000000e0000000,0x00000000e1f00000,0x00000000e1f00000)
  from space 2560K, 99% used [0x00000000e1f00000,0x00000000e217c598,0x00000000e2180000)
  to   space 6144K, 0% used [0x00000000e4400000,0x00000000e4400000,0x00000000e4a00000)
 ParOldGen       total 42496K, used 6304K [0x00000000a0000000, 0x00000000a2980000, 0x00000000e0000000)
  object space 42496K, 14% used [0x00000000a0000000,0x00000000a0628198,0x00000000a2980000)
 Metaspace       used 16313K, capacity 16714K, committed 16896K, reserved 1062912K
  class space    used 2328K, capacity 2487K, committed 2560K, reserved 1048576K
Event: 3.334 GC heap after
Heap after GC invocations=6 (full 0):
 PSYoungGen      total 68608K, used 6126K [0x00000000e0000000, 0x00000000e4c00000, 0x0000000100000000)
  eden space 62464K, 0% used [0x00000000e0000000,0x00000000e0000000,0x00000000e3d00000)
  from space 6144K, 99% used [0x00000000e4400000,0x00000000e49fba08,0x00000000e4a00000)
  to   space 7168K, 0% used [0x00000000e3d00000,0x00000000e3d00000,0x00000000e4400000)
 ParOldGen       total 42496K, used 6503K [0x00000000a0000000, 0x00000000a2980000, 0x00000000e0000000)
  object space 42496K, 15% used [0x00000000a0000000,0x00000000a0659f30,0x00000000a2980000)
 Metaspace       used 16313K, capacity 16714K, committed 16896K, reserved 1062912K
  class space    used 2328K, capacity 2487K, committed 2560K, reserved 1048576K
}
Event: 5.658 GC heap before
{Heap before GC invocations=7 (full 0):
 PSYoungGen      total 68608K, used 44959K [0x00000000e0000000, 0x00000000e4c00000, 0x0000000100000000)
  eden space 62464K, 62% used [0x00000000e0000000,0x00000000e25ec430,0x00000000e3d00000)
  from space 6144K, 99% used [0x00000000e4400000,0x00000000e49fba08,0x00000000e4a00000)
  to   space 7168K, 0% used [0x00000000e3d00000,0x00000000e3d00000,0x00000000e4400000)
 ParOldGen       total 42496K, used 6503K [0x00000000a0000000, 0x00000000a2980000, 0x00000000e0000000)
  object space 42496K, 15% used [0x00000000a0000000,0x00000000a0659f30,0x00000000a2980000)
 Metaspace       used 20702K, capacity 21166K, committed 21296K, reserved 1067008K
  class space    used 2934K, capacity 3121K, committed 3200K, reserved 1048576K
Event: 5.667 GC heap after
Heap after GC invocations=7 (full 0):
 PSYoungGen      total 69632K, used 7163K [0x00000000e0000000, 0x00000000e8c00000, 0x0000000100000000)
  eden space 62464K, 0% used [0x00000000e0000000,0x00000000e0000000,0x00000000e3d00000)
  from space 7168K, 99% used [0x00000000e3d00000,0x00000000e43fecd8,0x00000000e4400000)
  to   space 9216K, 0% used [0x00000000e8300000,0x00000000e8300000,0x00000000e8c00000)
 ParOldGen       total 42496K, used 7616K [0x00000000a0000000, 0x00000000a2980000, 0x00000000e0000000)
  object space 42496K, 17% used [0x00000000a0000000,0x00000000a07700a0,0x00000000a2980000)
 Metaspace       used 20702K, capacity 21166K, committed 21296K, reserved 1067008K
  class space    used 2934K, capacity 3121K, committed 3200K, reserved 1048576K
}
Event: 5.667 GC heap before
{Heap before GC invocations=8 (full 1):
 PSYoungGen      total 69632K, used 7163K [0x00000000e0000000, 0x00000000e8c00000, 0x0000000100000000)
  eden space 62464K, 0% used [0x00000000e0000000,0x00000000e0000000,0x00000000e3d00000)
  from space 7168K, 99% used [0x00000000e3d00000,0x00000000e43fecd8,0x00000000e4400000)
  to   space 9216K, 0% used [0x00000000e8300000,0x00000000e8300000,0x00000000e8c00000)
 ParOldGen       total 42496K, used 7616K [0x00000000a0000000, 0x00000000a2980000, 0x00000000e0000000)
  object space 42496K, 17% used [0x00000000a0000000,0x00000000a07700a0,0x00000000a2980000)
 Metaspace       used 20702K, capacity 21166K, committed 21296K, reserved 1067008K
  class space    used 2934K, capacity 3121K, committed 3200K, reserved 1048576K
Event: 5.714 GC heap after
Heap after GC invocations=8 (full 1):
 PSYoungGen      total 69632K, used 0K [0x00000000e0000000, 0x00000000e8c00000, 0x0000000100000000)
  eden space 62464K, 0% used [0x00000000e0000000,0x00000000e0000000,0x00000000e3d00000)
  from space 7168K, 0% used [0x00000000e3d00000,0x00000000e3d00000,0x00000000e4400000)
  to   space 9216K, 0% used [0x00000000e8300000,0x00000000e8300000,0x00000000e8c00000)
 ParOldGen       total 35840K, used 9773K [0x00000000a0000000, 0x00000000a2300000, 0x00000000e0000000)
  object space 35840K, 27% used [0x00000000a0000000,0x00000000a098b438,0x00000000a2300000)
 Metaspace       used 20702K, capacity 21166K, committed 21296K, reserved 1067008K
  class space    used 2934K, capacity 3121K, committed 3200K, reserved 1048576K
}

